TN:
SF:src/element.js
FN:2,(anonymous_0)
FN:9,(anonymous_1)
FN:22,(anonymous_2)
FN:40,(anonymous_3)
FN:50,(anonymous_4)
FN:55,(anonymous_5)
FN:62,(anonymous_6)
FNF:7
FNH:4
FNDA:8,(anonymous_0)
FNDA:8,(anonymous_1)
FNDA:8,(anonymous_2)
FNDA:3,(anonymous_3)
FNDA:0,(anonymous_4)
FNDA:0,(anonymous_5)
FNDA:0,(anonymous_6)
DA:2,1
DA:3,8
DA:4,0
DA:6,8
DA:10,8
DA:11,8
DA:12,8
DA:13,8
DA:14,8
DA:15,8
DA:16,8
DA:17,8
DA:18,8
DA:19,8
DA:23,8
DA:24,8
DA:25,8
DA:26,8
DA:27,8
DA:28,8
DA:29,8
DA:30,8
DA:31,0
DA:32,0
DA:34,8
DA:35,8
DA:36,8
DA:37,8
DA:41,3
DA:42,3
DA:43,2
DA:45,1
DA:47,3
DA:51,0
DA:52,0
DA:56,0
DA:57,0
DA:58,0
DA:62,1
DA:63,0
DA:67,1
LF:41
LH:32
BRDA:2,0,0,8
BRDA:3,1,0,0
BRDA:3,1,1,8
BRDA:30,2,0,0
BRDA:30,2,1,8
BRDA:42,3,0,2
BRDA:42,3,1,1
BRDA:57,4,0,0
BRDA:57,4,1,0
BRF:9
BRH:5
end_of_record
TN:
SF:src/list.js
FN:2,(anonymous_0)
FN:6,(anonymous_1)
FN:12,(anonymous_2)
FN:20,(anonymous_3)
FN:24,(anonymous_4)
FN:25,(anonymous_5)
FN:31,(anonymous_6)
FN:32,(anonymous_7)
FNF:8
FNH:6
FNDA:1,(anonymous_0)
FNDA:6,(anonymous_1)
FNDA:2,(anonymous_2)
FNDA:1,(anonymous_3)
FNDA:3,(anonymous_4)
FNDA:6,(anonymous_5)
FNDA:0,(anonymous_6)
FNDA:0,(anonymous_7)
DA:3,1
DA:7,6
DA:8,6
DA:9,6
DA:13,2
DA:14,1
DA:16,1
DA:21,1
DA:25,6
DA:26,3
DA:27,3
DA:32,0
DA:33,0
DA:34,0
DA:39,1
LF:15
LH:12
BRDA:13,0,0,1
BRDA:13,0,1,1
BRF:2
BRH:2
end_of_record
